

[INFO ] 2019-06-12 22:31:36,872 method:org.springframework.web.context.ContextLoader.initWebApplicationContext(ContextLoader.java:307)
Root WebApplicationContext: initialization started


[INFO ] 2019-06-12 22:31:36,990 method:org.springframework.context.support.AbstractApplicationContext.prepareRefresh(AbstractApplicationContext.java:578)
Refreshing Root WebApplicationContext: startup date [Wed Jun 12 22:31:36 CST 2019]; root of context hierarchy


[INFO ] 2019-06-12 22:31:37,037 method:org.springframework.beans.factory.xml.XmlBeanDefinitionReader.loadBeanDefinitions(XmlBeanDefinitionReader.java:317)
Loading XML bean definitions from class path resource [applicationContext.xml]


[INFO ] 2019-06-12 22:31:37,276 method:
using logger: com.alibaba.dubbo.common.logger.log4j.Log4jLoggerAdapter


[INFO ] 2019-06-12 22:31:37,494 method:org.springframework.core.io.support.PropertiesLoaderSupport.loadProperties(PropertiesLoaderSupport.java:172)
Loading properties file from file [E:\taotao\taotao-order\taotao-order-service\target\classes\db.properties]


[INFO ] 2019-06-12 22:31:37,494 method:org.springframework.core.io.support.PropertiesLoaderSupport.loadProperties(PropertiesLoaderSupport.java:172)
Loading properties file from file [E:\taotao\taotao-order\taotao-order-service\target\classes\log4j.properties]


[INFO ] 2019-06-12 22:31:37,494 method:org.springframework.core.io.support.PropertiesLoaderSupport.loadProperties(PropertiesLoaderSupport.java:172)
Loading properties file from file [E:\taotao\taotao-order\taotao-order-service\target\classes\resource.properties]


[INFO ] 2019-06-12 22:31:37,526 method:org.springframework.beans.factory.annotation.AutowiredAnnotationBeanPostProcessor.<init>(AutowiredAnnotationBeanPostProcessor.java:153)
JSR-330 'javax.inject.Inject' annotation found and supported for autowiring


[INFO ] 2019-06-12 22:31:38,788 method:org.springframework.web.context.ContextLoader.initWebApplicationContext(ContextLoader.java:347)
Root WebApplicationContext: initialization completed in 1916 ms


[INFO ] 2019-06-13 09:16:04,981 method:org.springframework.web.context.ContextLoader.initWebApplicationContext(ContextLoader.java:307)
Root WebApplicationContext: initialization started


[INFO ] 2019-06-13 09:16:05,168 method:org.springframework.context.support.AbstractApplicationContext.prepareRefresh(AbstractApplicationContext.java:578)
Refreshing Root WebApplicationContext: startup date [Thu Jun 13 09:16:05 CST 2019]; root of context hierarchy


[INFO ] 2019-06-13 09:16:05,246 method:org.springframework.beans.factory.xml.XmlBeanDefinitionReader.loadBeanDefinitions(XmlBeanDefinitionReader.java:317)
Loading XML bean definitions from class path resource [applicationContext.xml]


[INFO ] 2019-06-13 09:16:05,496 method:
using logger: com.alibaba.dubbo.common.logger.log4j.Log4jLoggerAdapter


[INFO ] 2019-06-13 09:16:05,731 method:org.springframework.core.io.support.PropertiesLoaderSupport.loadProperties(PropertiesLoaderSupport.java:172)
Loading properties file from file [E:\taotao\taotao-order\taotao-order-service\target\classes\db.properties]


[INFO ] 2019-06-13 09:16:05,731 method:org.springframework.core.io.support.PropertiesLoaderSupport.loadProperties(PropertiesLoaderSupport.java:172)
Loading properties file from file [E:\taotao\taotao-order\taotao-order-service\target\classes\log4j.properties]


[INFO ] 2019-06-13 09:16:05,731 method:org.springframework.core.io.support.PropertiesLoaderSupport.loadProperties(PropertiesLoaderSupport.java:172)
Loading properties file from file [E:\taotao\taotao-order\taotao-order-service\target\classes\resource.properties]


[INFO ] 2019-06-13 09:16:05,746 method:org.springframework.beans.factory.annotation.AutowiredAnnotationBeanPostProcessor.<init>(AutowiredAnnotationBeanPostProcessor.java:153)
JSR-330 'javax.inject.Inject' annotation found and supported for autowiring


[INFO ] 2019-06-13 09:16:06,949 method:org.springframework.web.context.ContextLoader.initWebApplicationContext(ContextLoader.java:347)
Root WebApplicationContext: initialization completed in 1874 ms


[INFO ] 2019-06-13 09:38:31,654 method:org.springframework.web.context.ContextLoader.initWebApplicationContext(ContextLoader.java:307)
Root WebApplicationContext: initialization started


[INFO ] 2019-06-13 09:38:31,752 method:org.springframework.context.support.AbstractApplicationContext.prepareRefresh(AbstractApplicationContext.java:578)
Refreshing Root WebApplicationContext: startup date [Thu Jun 13 09:38:31 CST 2019]; root of context hierarchy


[INFO ] 2019-06-13 09:38:31,818 method:org.springframework.beans.factory.xml.XmlBeanDefinitionReader.loadBeanDefinitions(XmlBeanDefinitionReader.java:317)
Loading XML bean definitions from class path resource [applicationContext.xml]


[INFO ] 2019-06-13 09:38:32,065 method:
using logger: com.alibaba.dubbo.common.logger.log4j.Log4jLoggerAdapter


[INFO ] 2019-06-13 09:38:32,268 method:org.springframework.core.io.support.PropertiesLoaderSupport.loadProperties(PropertiesLoaderSupport.java:172)
Loading properties file from file [E:\taotao\taotao-order\taotao-order-service\target\classes\db.properties]


[INFO ] 2019-06-13 09:38:32,284 method:org.springframework.core.io.support.PropertiesLoaderSupport.loadProperties(PropertiesLoaderSupport.java:172)
Loading properties file from file [E:\taotao\taotao-order\taotao-order-service\target\classes\log4j.properties]


[INFO ] 2019-06-13 09:38:32,284 method:org.springframework.core.io.support.PropertiesLoaderSupport.loadProperties(PropertiesLoaderSupport.java:172)
Loading properties file from file [E:\taotao\taotao-order\taotao-order-service\target\classes\resource.properties]


[INFO ] 2019-06-13 09:38:32,299 method:org.springframework.beans.factory.annotation.AutowiredAnnotationBeanPostProcessor.<init>(AutowiredAnnotationBeanPostProcessor.java:153)
JSR-330 'javax.inject.Inject' annotation found and supported for autowiring


[INFO ] 2019-06-13 09:38:33,377 method:org.springframework.web.context.ContextLoader.initWebApplicationContext(ContextLoader.java:347)
Root WebApplicationContext: initialization completed in 1723 ms


[INFO ] 2019-06-13 13:30:21,231 method:org.springframework.web.context.ContextLoader.initWebApplicationContext(ContextLoader.java:307)
Root WebApplicationContext: initialization started


[INFO ] 2019-06-13 13:30:21,387 method:org.springframework.context.support.AbstractApplicationContext.prepareRefresh(AbstractApplicationContext.java:578)
Refreshing Root WebApplicationContext: startup date [Thu Jun 13 13:30:21 CST 2019]; root of context hierarchy


[INFO ] 2019-06-13 13:30:21,434 method:org.springframework.beans.factory.xml.XmlBeanDefinitionReader.loadBeanDefinitions(XmlBeanDefinitionReader.java:317)
Loading XML bean definitions from class path resource [applicationContext.xml]


[INFO ] 2019-06-13 13:30:21,934 method:
using logger: com.alibaba.dubbo.common.logger.log4j.Log4jLoggerAdapter


[INFO ] 2019-06-13 13:30:22,184 method:org.springframework.core.io.support.PropertiesLoaderSupport.loadProperties(PropertiesLoaderSupport.java:172)
Loading properties file from file [E:\taotao\taotao-order\taotao-order-service\target\classes\db.properties]


[INFO ] 2019-06-13 13:30:22,184 method:org.springframework.core.io.support.PropertiesLoaderSupport.loadProperties(PropertiesLoaderSupport.java:172)
Loading properties file from file [E:\taotao\taotao-order\taotao-order-service\target\classes\log4j.properties]


[INFO ] 2019-06-13 13:30:22,184 method:org.springframework.core.io.support.PropertiesLoaderSupport.loadProperties(PropertiesLoaderSupport.java:172)
Loading properties file from file [E:\taotao\taotao-order\taotao-order-service\target\classes\resource.properties]


[INFO ] 2019-06-13 13:30:22,184 method:org.springframework.beans.factory.annotation.AutowiredAnnotationBeanPostProcessor.<init>(AutowiredAnnotationBeanPostProcessor.java:153)
JSR-330 'javax.inject.Inject' annotation found and supported for autowiring


[INFO ] 2019-06-13 13:30:23,449 method:com.alibaba.dubbo.config.spring.ServiceBean.onApplicationEvent(ServiceBean.java:107)
 [DUBBO] The service ready on spring started. service: com.taotao.order.service.OrderService, dubbo version: 2.5.3, current host: 127.0.0.1


[INFO ] 2019-06-13 13:30:23,605 method:com.alibaba.dubbo.config.ServiceConfig.exportLocal(ServiceConfig.java:510)
 [DUBBO] Export dubbo service com.taotao.order.service.OrderService to local registry, dubbo version: 2.5.3, current host: 127.0.0.1


[INFO ] 2019-06-13 13:30:23,605 method:com.alibaba.dubbo.config.ServiceConfig.doExportUrlsFor1Protocol(ServiceConfig.java:470)
 [DUBBO] Export dubbo service com.taotao.order.service.OrderService to url dubbo://192.168.89.1:20884/com.taotao.order.service.OrderService?anyhost=true&application=taotao-order&dubbo=2.5.3&interface=com.taotao.order.service.OrderService&methods=createOrder&pid=4876&side=provider&timestamp=1560403823480, dubbo version: 2.5.3, current host: 127.0.0.1


[INFO ] 2019-06-13 13:30:23,605 method:com.alibaba.dubbo.config.ServiceConfig.doExportUrlsFor1Protocol(ServiceConfig.java:481)
 [DUBBO] Register dubbo service com.taotao.order.service.OrderService url dubbo://192.168.89.1:20884/com.taotao.order.service.OrderService?anyhost=true&application=taotao-order&dubbo=2.5.3&interface=com.taotao.order.service.OrderService&methods=createOrder&pid=4876&side=provider&timestamp=1560403823480 to registry registry://192.168.89.105:2181/com.alibaba.dubbo.registry.RegistryService?application=taotao-order&dubbo=2.5.3&pid=4876&registry=zookeeper&timestamp=1560403823449, dubbo version: 2.5.3, current host: 127.0.0.1


[INFO ] 2019-06-13 13:30:23,808 method:com.alibaba.dubbo.remoting.transport.AbstractServer.<init>(AbstractServer.java:69)
 [DUBBO] Start NettyServer bind /0.0.0.0:20884, export /192.168.89.1:20884, dubbo version: 2.5.3, current host: 127.0.0.1


[INFO ] 2019-06-13 13:30:23,839 method:com.alibaba.dubbo.registry.support.AbstractRegistry.loadProperties(AbstractRegistry.java:232)
 [DUBBO] Load registry store file C:\Users\ASUS\.dubbo\dubbo-registry-192.168.89.105.cache, data: {com.taotao.service.ItemCatService=empty://192.168.89.1:20880/com.taotao.service.ItemCatService?anyhost=true&application=taotao-manager&category=configurators&check=false&dubbo=2.5.3&interface=com.taotao.service.ItemCatService&methods=getCatList,findItemCatAll&pid=16672&side=provider&timestamp=1560403510907, com.taotao.service.PictureService=empty://192.168.89.1:20880/com.taotao.service.PictureService?anyhost=true&application=taotao-manager&category=configurators&check=false&dubbo=2.5.3&interface=com.taotao.service.PictureService&methods=uploadFile&pid=16672&side=provider&timestamp=1560403510938, com.taotao.content.service.ContentCategoryService=empty://192.168.89.1:20881/com.taotao.content.service.ContentCategoryService?anyhost=true&application=taotao-content&category=configurators&check=false&dubbo=2.5.3&interface=com.taotao.content.service.ContentCategoryService&methods=addContentCategory,getContentCategoryList&pid=13992&side=provider&timeout=8000&timestamp=1560403664946, com.taotao.service.ItemService=empty://192.168.89.1:20880/com.taotao.service.ItemService?anyhost=true&application=taotao-manager&category=configurators&check=false&dubbo=2.5.3&interface=com.taotao.service.ItemService&methods=addItem,getItemList,getItemParamList,findItemParamByItemId,findTbItemById,findItemDescByItemId&pid=16672&side=provider&timestamp=1560403510173, com.taotao.content.service.ContentService=empty://192.168.89.1:20881/com.taotao.content.service.ContentService?anyhost=true&application=taotao-content&category=configurators&check=false&dubbo=2.5.3&interface=com.taotao.content.service.ContentService&methods=findContentByCategoryId,addContent,findContentAll&pid=13992&side=provider&timeout=8000&timestamp=1560403665524, com.taotao.service.ItemParamService=empty://192.168.89.1:20880/com.taotao.service.ItemParamService?anyhost=true&application=taotao-manager&category=configurators&check=false&dubbo=2.5.3&interface=com.taotao.service.ItemParamService&methods=getItemParamByCid,addItemParam&pid=16672&side=provider&timestamp=1560403510969, com.taotao.search.service.SearchService=empty://192.168.89.1:20882/com.taotao.search.service.SearchService?anyhost=true&application=taotao-search&category=configurators&check=false&dubbo=2.5.3&interface=com.taotao.search.service.SearchService&methods=search&pid=19416&side=provider&timeout=40000&timestamp=1560403715976, com.taotao.search.service.SearchItemService=empty://192.168.89.1:20882/com.taotao.search.service.SearchItemService?anyhost=true&application=taotao-search&category=configurators&check=false&dubbo=2.5.3&interface=com.taotao.search.service.SearchItemService&methods=importAllItems,findItemById&pid=19416&side=provider&timeout=40000&timestamp=1560403715414, com.taotao.sso.service.UserService=empty://192.168.89.1:20883/com.taotao.sso.service.UserService?anyhost=true&application=taotao-sso&category=configurators&check=false&dubbo=2.5.3&interface=com.taotao.sso.service.UserService&methods=loginUser,checkData,getUserByToken,loginOutUser,createUser&pid=8852&side=provider&timestamp=1560403776940}, dubbo version: 2.5.3, current host: 127.0.0.1


[INFO ] 2019-06-13 13:30:23,855 method:org.I0Itec.zkclient.ZkEventThread.run(ZkEventThread.java:64)
Starting ZkClient event thread.


[INFO ] 2019-06-13 13:30:23,871 method:org.apache.zookeeper.Environment.logEnv(Environment.java:100)
Client environment:zookeeper.version=3.4.7-1713338, built on 11/09/2015 04:32 GMT


[INFO ] 2019-06-13 13:30:23,871 method:org.apache.zookeeper.Environment.logEnv(Environment.java:100)
Client environment:host.name=192.168.89.1


[INFO ] 2019-06-13 13:30:23,871 method:org.apache.zookeeper.Environment.logEnv(Environment.java:100)
Client environment:java.version=1.8.0_141


[INFO ] 2019-06-13 13:30:23,871 method:org.apache.zookeeper.Environment.logEnv(Environment.java:100)
Client environment:java.vendor=Oracle Corporation


[INFO ] 2019-06-13 13:30:23,871 method:org.apache.zookeeper.Environment.logEnv(Environment.java:100)
Client environment:java.home=D:\Program Files\Java\jdk1.8.0_141\jre


[INFO ] 2019-06-13 13:30:23,871 method:org.apache.zookeeper.Environment.logEnv(Environment.java:100)
Client environment:java.class.path=E:\apache-maven-3.3.9\boot\plexus-classworlds-2.5.2.jar;E:\IntelliJ IDEA 2019.1.2\lib\idea_rt.jar


[INFO ] 2019-06-13 13:30:23,871 method:org.apache.zookeeper.Environment.logEnv(Environment.java:100)
Client environment:java.library.path=D:\Program Files\Java\jdk1.8.0_141\bin;C:\WINDOWS\Sun\Java\bin;C:\WINDOWS\system32;C:\WINDOWS;"C:\Program Files (x86)\Common Files\Intel\Shared Files\cpp\bin\Intel64;";C:\Program Files (x86)\Intel\iCLS Client\;C:\Program Files\Intel\iCLS Client\;C:\Windows\system32;C:\Windows;C:\Windows\System32\Wbem;C:\Windows\System32\WindowsPowerShell\v1.0\;C:\Program Files (x86)\Intel\Intel(R) Management Engine Components\DAL;C:\Program Files\Intel\Intel(R) Management Engine Components\DAL;C:\Program Files (x86)\Intel\Intel(R) Management Engine Components\IPT;C:\Program Files\Intel\Intel(R) Management Engine Components\IPT;C:\Program Files (x86)\NVIDIA Corporation\PhysX\Common;C:\WINDOWS\system32;C:\WINDOWS;C:\WINDOWS\System32\Wbem;C:\WINDOWS\System32\WindowsPowerShell\v1.0\;C:\WINDOWS\System32\OpenSSH\;C:\Program Files\MySQL\MySQL Server 5.6\bin;E:\GET\Git\cmd;E:\apache-maven-3.3.9\bin;C:\Users\ASUS\AppData\Local\Microsoft\WindowsApps;D:\Program Files\Java\jdk1.8.0_141\bin;D:\Program Files\Java\jre1.8.0_141\bin;;.


[INFO ] 2019-06-13 13:30:23,871 method:org.apache.zookeeper.Environment.logEnv(Environment.java:100)
Client environment:java.io.tmpdir=C:\Users\ASUS\AppData\Local\Temp\


[INFO ] 2019-06-13 13:30:23,871 method:org.apache.zookeeper.Environment.logEnv(Environment.java:100)
Client environment:java.compiler=<NA>


[INFO ] 2019-06-13 13:30:23,871 method:org.apache.zookeeper.Environment.logEnv(Environment.java:100)
Client environment:os.name=Windows 10


[INFO ] 2019-06-13 13:30:23,871 method:org.apache.zookeeper.Environment.logEnv(Environment.java:100)
Client environment:os.arch=amd64


[INFO ] 2019-06-13 13:30:23,871 method:org.apache.zookeeper.Environment.logEnv(Environment.java:100)
Client environment:os.version=10.0


[INFO ] 2019-06-13 13:30:23,871 method:org.apache.zookeeper.Environment.logEnv(Environment.java:100)
Client environment:user.name=ASUS


[INFO ] 2019-06-13 13:30:23,871 method:org.apache.zookeeper.Environment.logEnv(Environment.java:100)
Client environment:user.home=C:\Users\ASUS


[INFO ] 2019-06-13 13:30:23,871 method:org.apache.zookeeper.Environment.logEnv(Environment.java:100)
Client environment:user.dir=E:\taotao\taotao-order


[INFO ] 2019-06-13 13:30:23,871 method:org.apache.zookeeper.ZooKeeper.<init>(ZooKeeper.java:438)
Initiating client connection, connectString=192.168.89.105:2181 sessionTimeout=30000 watcher=org.I0Itec.zkclient.ZkClient@60cfc147


[INFO ] 2019-06-13 13:30:23,918 method:org.apache.zookeeper.ClientCnxn$SendThread.logStartConnect(ClientCnxn.java:1032)
Opening socket connection to server 192.168.89.105/192.168.89.105:2181. Will not attempt to authenticate using SASL (unknown error)


[INFO ] 2019-06-13 13:30:23,918 method:org.apache.zookeeper.ClientCnxn$SendThread.primeConnection(ClientCnxn.java:876)
Socket connection established to 192.168.89.105/192.168.89.105:2181, initiating session


[INFO ] 2019-06-13 13:30:23,964 method:org.apache.zookeeper.ClientCnxn$SendThread.onConnected(ClientCnxn.java:1299)
Session establishment complete on server 192.168.89.105/192.168.89.105:2181, sessionid = 0x16b502ea568000f, negotiated timeout = 30000


[INFO ] 2019-06-13 13:30:23,964 method:org.I0Itec.zkclient.ZkClient.processStateChanged(ZkClient.java:449)
zookeeper state changed (SyncConnected)


[INFO ] 2019-06-13 13:30:23,980 method:com.alibaba.dubbo.registry.support.AbstractRegistry.register(AbstractRegistry.java:302)
 [DUBBO] Register: dubbo://192.168.89.1:20884/com.taotao.order.service.OrderService?anyhost=true&application=taotao-order&dubbo=2.5.3&interface=com.taotao.order.service.OrderService&methods=createOrder&pid=4876&side=provider&timestamp=1560403823480, dubbo version: 2.5.3, current host: 127.0.0.1


[INFO ] 2019-06-13 13:30:23,996 method:com.alibaba.dubbo.registry.support.AbstractRegistry.subscribe(AbstractRegistry.java:325)
 [DUBBO] Subscribe: provider://192.168.89.1:20884/com.taotao.order.service.OrderService?anyhost=true&application=taotao-order&category=configurators&check=false&dubbo=2.5.3&interface=com.taotao.order.service.OrderService&methods=createOrder&pid=4876&side=provider&timestamp=1560403823480, dubbo version: 2.5.3, current host: 127.0.0.1


[INFO ] 2019-06-13 13:30:24,011 method:com.alibaba.dubbo.registry.support.AbstractRegistry.notify(AbstractRegistry.java:422)
 [DUBBO] Notify urls for subscribe url provider://192.168.89.1:20884/com.taotao.order.service.OrderService?anyhost=true&application=taotao-order&category=configurators&check=false&dubbo=2.5.3&interface=com.taotao.order.service.OrderService&methods=createOrder&pid=4876&side=provider&timestamp=1560403823480, urls: [empty://192.168.89.1:20884/com.taotao.order.service.OrderService?anyhost=true&application=taotao-order&category=configurators&check=false&dubbo=2.5.3&interface=com.taotao.order.service.OrderService&methods=createOrder&pid=4876&side=provider&timestamp=1560403823480], dubbo version: 2.5.3, current host: 127.0.0.1


[INFO ] 2019-06-13 13:30:24,074 method:org.springframework.web.context.ContextLoader.initWebApplicationContext(ContextLoader.java:347)
Root WebApplicationContext: initialization completed in 2828 ms


[INFO ] 2019-06-13 13:37:39,423 method:com.alibaba.druid.pool.DruidDataSource.init(DruidDataSource.java:655)
{dataSource-1} inited


[INFO ] 2019-06-13 13:37:41,454 method:org.springframework.beans.factory.xml.XmlBeanDefinitionReader.loadBeanDefinitions(XmlBeanDefinitionReader.java:317)
Loading XML bean definitions from class path resource [org/springframework/jdbc/support/sql-error-codes.xml]


[INFO ] 2019-06-13 13:37:41,548 method:org.springframework.jdbc.support.SQLErrorCodesFactory.<init>(SQLErrorCodesFactory.java:126)
SQLErrorCodes loaded: [DB2, Derby, H2, HSQL, Informix, MS-SQL, MySQL, Oracle, PostgreSQL, Sybase, Hana]


[ERROR] 2019-06-13 13:37:41,563 method:com.alibaba.dubbo.rpc.filter.ExceptionFilter.invoke(ExceptionFilter.java:87)
 [DUBBO] Got unchecked and undeclared exception which called by 192.168.89.1. service: com.taotao.order.service.OrderService, method: createOrder, exception: org.springframework.dao.DuplicateKeyException: 
### Error updating database.  Cause: com.mysql.jdbc.exceptions.jdbc4.MySQLIntegrityConstraintViolationException: Duplicate entry '14501' for key 'PRIMARY'
### The error may involve com.taotao.mapper.TbOrderMapper.insertOrder-Inline
### The error occurred while setting parameters
### SQL: insert into tborder(orderId, payment, paymentType, postFee, status, createTime, updateTime, paymentTime, consignTime, endTime, closeTime, shippingName, shippingCode, userId, buyerMessage, buyerNick, buyerRate)         value (?,?,?,?,?,?,?,?,?,?,?,?,?,?,?,?,?)
### Cause: com.mysql.jdbc.exceptions.jdbc4.MySQLIntegrityConstraintViolationException: Duplicate entry '14501' for key 'PRIMARY'
; SQL []; Duplicate entry '14501' for key 'PRIMARY'; nested exception is com.mysql.jdbc.exceptions.jdbc4.MySQLIntegrityConstraintViolationException: Duplicate entry '14501' for key 'PRIMARY', dubbo version: 2.5.3, current host: 127.0.0.1
org.springframework.dao.DuplicateKeyException: 
### Error updating database.  Cause: com.mysql.jdbc.exceptions.jdbc4.MySQLIntegrityConstraintViolationException: Duplicate entry '14501' for key 'PRIMARY'
### The error may involve com.taotao.mapper.TbOrderMapper.insertOrder-Inline
### The error occurred while setting parameters
### SQL: insert into tborder(orderId, payment, paymentType, postFee, status, createTime, updateTime, paymentTime, consignTime, endTime, closeTime, shippingName, shippingCode, userId, buyerMessage, buyerNick, buyerRate)         value (?,?,?,?,?,?,?,?,?,?,?,?,?,?,?,?,?)
### Cause: com.mysql.jdbc.exceptions.jdbc4.MySQLIntegrityConstraintViolationException: Duplicate entry '14501' for key 'PRIMARY'
; SQL []; Duplicate entry '14501' for key 'PRIMARY'; nested exception is com.mysql.jdbc.exceptions.jdbc4.MySQLIntegrityConstraintViolationException: Duplicate entry '14501' for key 'PRIMARY'
	at org.springframework.jdbc.support.SQLErrorCodeSQLExceptionTranslator.doTranslate(SQLErrorCodeSQLExceptionTranslator.java:239)
	at org.springframework.jdbc.support.AbstractFallbackSQLExceptionTranslator.translate(AbstractFallbackSQLExceptionTranslator.java:73)
	at org.mybatis.spring.MyBatisExceptionTranslator.translateExceptionIfPossible(MyBatisExceptionTranslator.java:73)
	at org.mybatis.spring.SqlSessionTemplate$SqlSessionInterceptor.invoke(SqlSessionTemplate.java:371)
	at com.sun.proxy.$Proxy32.insert(Unknown Source)
	at org.mybatis.spring.SqlSessionTemplate.insert(SqlSessionTemplate.java:240)
	at org.apache.ibatis.binding.MapperMethod.execute(MapperMethod.java:51)
	at org.apache.ibatis.binding.MapperProxy.invoke(MapperProxy.java:52)
	at com.sun.proxy.$Proxy34.insertOrder(Unknown Source)
	at com.taotao.order.service.impl.OrderServiceImpl.createOrder(OrderServiceImpl.java:64)
	at com.alibaba.dubbo.common.bytecode.Wrapper1.invokeMethod(Wrapper1.java)
	at com.alibaba.dubbo.rpc.proxy.javassist.JavassistProxyFactory$1.doInvoke(JavassistProxyFactory.java:46)
	at com.alibaba.dubbo.rpc.proxy.AbstractProxyInvoker.invoke(AbstractProxyInvoker.java:72)
	at com.alibaba.dubbo.rpc.protocol.InvokerWrapper.invoke(InvokerWrapper.java:53)
	at com.alibaba.dubbo.rpc.filter.ExceptionFilter.invoke(ExceptionFilter.java:64)
	at com.alibaba.dubbo.rpc.protocol.ProtocolFilterWrapper$1.invoke(ProtocolFilterWrapper.java:91)
	at com.alibaba.dubbo.monitor.support.MonitorFilter.invoke(MonitorFilter.java:75)
	at com.alibaba.dubbo.rpc.protocol.ProtocolFilterWrapper$1.invoke(ProtocolFilterWrapper.java:91)
	at com.alibaba.dubbo.rpc.filter.TimeoutFilter.invoke(TimeoutFilter.java:42)
	at com.alibaba.dubbo.rpc.protocol.ProtocolFilterWrapper$1.invoke(ProtocolFilterWrapper.java:91)
	at com.alibaba.dubbo.rpc.protocol.dubbo.filter.TraceFilter.invoke(TraceFilter.java:78)
	at com.alibaba.dubbo.rpc.protocol.ProtocolFilterWrapper$1.invoke(ProtocolFilterWrapper.java:91)
	at com.alibaba.dubbo.rpc.filter.ContextFilter.invoke(ContextFilter.java:60)
	at com.alibaba.dubbo.rpc.protocol.ProtocolFilterWrapper$1.invoke(ProtocolFilterWrapper.java:91)
	at com.alibaba.dubbo.rpc.filter.GenericFilter.invoke(GenericFilter.java:112)
	at com.alibaba.dubbo.rpc.protocol.ProtocolFilterWrapper$1.invoke(ProtocolFilterWrapper.java:91)
	at com.alibaba.dubbo.rpc.filter.ClassLoaderFilter.invoke(ClassLoaderFilter.java:38)
	at com.alibaba.dubbo.rpc.protocol.ProtocolFilterWrapper$1.invoke(ProtocolFilterWrapper.java:91)
	at com.alibaba.dubbo.rpc.filter.EchoFilter.invoke(EchoFilter.java:38)
	at com.alibaba.dubbo.rpc.protocol.ProtocolFilterWrapper$1.invoke(ProtocolFilterWrapper.java:91)
	at com.alibaba.dubbo.rpc.protocol.dubbo.DubboProtocol$1.reply(DubboProtocol.java:108)
	at com.alibaba.dubbo.remoting.exchange.support.header.HeaderExchangeHandler.handleRequest(HeaderExchangeHandler.java:84)
	at com.alibaba.dubbo.remoting.exchange.support.header.HeaderExchangeHandler.received(HeaderExchangeHandler.java:170)
	at com.alibaba.dubbo.remoting.transport.DecodeHandler.received(DecodeHandler.java:52)
	at com.alibaba.dubbo.remoting.transport.dispatcher.ChannelEventRunnable.run(ChannelEventRunnable.java:82)
	at java.util.concurrent.ThreadPoolExecutor.runWorker(ThreadPoolExecutor.java:1149)
	at java.util.concurrent.ThreadPoolExecutor$Worker.run(ThreadPoolExecutor.java:624)
	at java.lang.Thread.run(Thread.java:748)
Caused by: com.mysql.jdbc.exceptions.jdbc4.MySQLIntegrityConstraintViolationException: Duplicate entry '14501' for key 'PRIMARY'
	at sun.reflect.NativeConstructorAccessorImpl.newInstance0(Native Method)
	at sun.reflect.NativeConstructorAccessorImpl.newInstance(NativeConstructorAccessorImpl.java:62)
	at sun.reflect.DelegatingConstructorAccessorImpl.newInstance(DelegatingConstructorAccessorImpl.java:45)
	at java.lang.reflect.Constructor.newInstance(Constructor.java:423)
	at com.mysql.jdbc.Util.handleNewInstance(Util.java:408)
	at com.mysql.jdbc.Util.getInstance(Util.java:383)
	at com.mysql.jdbc.SQLError.createSQLException(SQLError.java:1049)
	at com.mysql.jdbc.MysqlIO.checkErrorPacket(MysqlIO.java:4208)
	at com.mysql.jdbc.MysqlIO.checkErrorPacket(MysqlIO.java:4140)
	at com.mysql.jdbc.MysqlIO.sendCommand(MysqlIO.java:2597)
	at com.mysql.jdbc.MysqlIO.sqlQueryDirect(MysqlIO.java:2758)
	at com.mysql.jdbc.ConnectionImpl.execSQL(ConnectionImpl.java:2826)
	at com.mysql.jdbc.PreparedStatement.executeInternal(PreparedStatement.java:2082)
	at com.mysql.jdbc.PreparedStatement.execute(PreparedStatement.java:1302)
	at com.alibaba.druid.pool.DruidPooledPreparedStatement.execute(DruidPooledPreparedStatement.java:493)
	at org.apache.ibatis.executor.statement.PreparedStatementHandler.update(PreparedStatementHandler.java:44)
	at org.apache.ibatis.executor.statement.RoutingStatementHandler.update(RoutingStatementHandler.java:69)
	at org.apache.ibatis.executor.SimpleExecutor.doUpdate(SimpleExecutor.java:48)
	at org.apache.ibatis.executor.BaseExecutor.update(BaseExecutor.java:105)
	at org.apache.ibatis.executor.CachingExecutor.update(CachingExecutor.java:71)
	at sun.reflect.NativeMethodAccessorImpl.invoke0(Native Method)
	at sun.reflect.NativeMethodAccessorImpl.invoke(NativeMethodAccessorImpl.java:62)
	at sun.reflect.DelegatingMethodAccessorImpl.invoke(DelegatingMethodAccessorImpl.java:43)
	at java.lang.reflect.Method.invoke(Method.java:498)
	at org.apache.ibatis.plugin.Plugin.invoke(Plugin.java:62)
	at com.sun.proxy.$Proxy44.update(Unknown Source)
	at org.apache.ibatis.session.defaults.DefaultSqlSession.update(DefaultSqlSession.java:152)
	at org.apache.ibatis.session.defaults.DefaultSqlSession.insert(DefaultSqlSession.java:141)
	at sun.reflect.NativeMethodAccessorImpl.invoke0(Native Method)
	at sun.reflect.NativeMethodAccessorImpl.invoke(NativeMethodAccessorImpl.java:62)
	at sun.reflect.DelegatingMethodAccessorImpl.invoke(DelegatingMethodAccessorImpl.java:43)
	at java.lang.reflect.Method.invoke(Method.java:498)
	at org.mybatis.spring.SqlSessionTemplate$SqlSessionInterceptor.invoke(SqlSessionTemplate.java:358)
	... 34 more
